<?xml version="1.0" encoding="UTF-8"?>
<!-- Generated by org.testng.reporters.JUnitReportReporter -->
<testsuite hostname="eze1-lsg-b00059" name="suite1.TestA1" tests="2" failures="0" timestamp="30 Sep 2016 15:31:20 GMT" time="0.258" errors="0">
  <testcase name="testA1" time="0.134" classname="suite1.TestA1"/>
  <testcase name="testA1" time="0.124" classname="suite1.TestA1"/>
</testsuite> <!-- suite1.TestA1 -->
