<?xml version="1.0" encoding="UTF-8"?>
<!-- Generated by org.testng.reporters.JUnitReportReporter -->
<testsuite hostname="eze1-lsg-b00059" name="rough.TestParameterizacion" tests="2" failures="0" timestamp="22 Sep 2016 19:53:11 GMT" time="0.015" errors="0">
  <testcase name="testData" time="0.003" classname="rough.TestParameterizacion"/>
  <testcase name="testData" time="0.012" classname="rough.TestParameterizacion"/>
</testsuite> <!-- rough.TestParameterizacion -->
